Using pre-set license
Built from '2020.3/staging' branch; Version is '2020.3.19f1 (68f137dc9bbe) revision 6877495'; Using compiler version '192528614'; Build Type 'Release'
OS: 'Windows 10 Home Single Language; OS build 19043.1237; Version 2009; 64bit' Language: 'en' Physical Memory: 16315 MB
BatchMode: 1, IsHumanControllingUs: 0, StartBugReporterOnCrash: 0, Is64bit: 1, IsPro: 0

COMMAND LINE ARGUMENTS:
X:\Unity\2020.3.19f1\Editor\Unity.exe
-adb2
-batchMode
-noUpm
-name
AssetImportWorker0
-projectPath
X:/UNITY PROJECTS/GameJam2021Oct/GameJam2021Oct
-logFile
Logs/AssetImportWorker0.log
-srvPort
7040
Successfully changed project path to: X:/UNITY PROJECTS/GameJam2021Oct/GameJam2021Oct
X:/UNITY PROJECTS/GameJam2021Oct/GameJam2021Oct
Using Asset Import Pipeline V2.
Refreshing native plugins compatible for Editor in 25.12 ms, found 2 plugins.
Preloading 0 native plugins for Editor in 0.00 ms.
Initialize engine version: 2020.3.19f1 (68f137dc9bbe)
[Subsystems] Discovering subsystems at path X:/Unity/2020.3.19f1/Editor/Data/Resources/UnitySubsystems
[Subsystems] Discovering subsystems at path X:/UNITY PROJECTS/GameJam2021Oct/GameJam2021Oct/Assets
GfxDevice: creating device client; threaded=0
Direct3D:
    Version:  Direct3D 11.0 [level 11.1]
    Renderer: NVIDIA GeForce GTX 1660 Ti (ID=0x2182)
    Vendor:   
    VRAM:     5991 MB
    Driver:   27.21.14.5751
Initialize mono
Mono path[0] = 'X:/Unity/2020.3.19f1/Editor/Data/Managed'
Mono path[1] = 'X:/Unity/2020.3.19f1/Editor/Data/MonoBleedingEdge/lib/mono/unityjit'
Mono config path = 'X:/Unity/2020.3.19f1/Editor/Data/MonoBleedingEdge/etc'
Using monoOptions --debugger-agent=transport=dt_socket,embedding=1,server=y,suspend=n,address=127.0.0.1:56324
Begin MonoManager ReloadAssembly
Registering precompiled unity dll's ...
Register platform support module: X:/Unity/2020.3.19f1/Editor/Data/PlaybackEngines/WindowsStandaloneSupport/UnityEditor.WindowsStandalone.Extensions.dll
Registered in 0.001314 seconds.
Native extension for WindowsStandalone target not found
Refreshing native plugins compatible for Editor in 23.72 ms, found 2 plugins.
Preloading 0 native plugins for Editor in 0.00 ms.
Mono: successfully reloaded assembly
- Completed reload, in  0.778 seconds
Domain Reload Profiling:
	ReloadAssembly (778ms)
		BeginReloadAssembly (45ms)
			ExecutionOrderSort (0ms)
			DisableScriptedObjects (0ms)
			BackupInstance (0ms)
			ReleaseScriptingObjects (0ms)
			CreateAndSetChildDomain (1ms)
		EndReloadAssembly (346ms)
			LoadAssemblies (44ms)
			RebuildTransferFunctionScriptingTraits (0ms)
			SetupTypeCache (129ms)
			ReleaseScriptCaches (0ms)
			RebuildScriptCaches (25ms)
			SetupLoadedEditorAssemblies (126ms)
				LogAssemblyErrors (0ms)
				InitializePlatformSupportModulesInManaged (3ms)
				SetLoadedEditorAssemblies (0ms)
				RefreshPlugins (24ms)
				BeforeProcessingInitializeOnLoad (14ms)
				ProcessInitializeOnLoadAttributes (61ms)
				ProcessInitializeOnLoadMethodAttributes (23ms)
				AfterProcessingInitializeOnLoad (0ms)
				EditorAssembliesLoaded (0ms)
			ExecutionOrderSort2 (0ms)
			AwakeInstancesAfterBackupRestoration (0ms)
Platform modules already initialized, skipping
Registering precompiled user dll's ...
Registered in 0.002253 seconds.
Begin MonoManager ReloadAssembly
Native extension for WindowsStandalone target not found
Refreshing native plugins compatible for Editor in 0.37 ms, found 2 plugins.
Preloading 0 native plugins for Editor in 0.00 ms.
Mono: successfully reloaded assembly
- Completed reload, in  0.860 seconds
Domain Reload Profiling:
	ReloadAssembly (861ms)
		BeginReloadAssembly (125ms)
			ExecutionOrderSort (0ms)
			DisableScriptedObjects (4ms)
			BackupInstance (0ms)
			ReleaseScriptingObjects (0ms)
			CreateAndSetChildDomain (20ms)
		EndReloadAssembly (686ms)
			LoadAssemblies (77ms)
			RebuildTransferFunctionScriptingTraits (0ms)
			SetupTypeCache (252ms)
			ReleaseScriptCaches (0ms)
			RebuildScriptCaches (35ms)
			SetupLoadedEditorAssemblies (248ms)
				LogAssemblyErrors (0ms)
				InitializePlatformSupportModulesInManaged (4ms)
				SetLoadedEditorAssemblies (0ms)
				RefreshPlugins (1ms)
				BeforeProcessingInitializeOnLoad (60ms)
				ProcessInitializeOnLoadAttributes (171ms)
				ProcessInitializeOnLoadMethodAttributes (10ms)
				AfterProcessingInitializeOnLoad (2ms)
				EditorAssembliesLoaded (0ms)
			ExecutionOrderSort2 (0ms)
			AwakeInstancesAfterBackupRestoration (5ms)
Platform modules already initialized, skipping
========================================================================
Worker process is ready to serve import requests
Launched and connected shader compiler UnityShaderCompiler.exe after 0.04 seconds
Refreshing native plugins compatible for Editor in 0.58 ms, found 2 plugins.
Preloading 0 native plugins for Editor in 0.00 ms.
Unloading 1471 Unused Serialized files (Serialized files now loaded: 0)
System memory in use before: 67.0 MB.
System memory in use after: 67.1 MB.

Unloading 20 unused Assets to reduce memory usage. Loaded Objects now: 1908.
Total: 2.610000 ms (FindLiveObjects: 0.135700 ms CreateObjectMapping: 0.039000 ms MarkObjects: 2.360900 ms  DeleteObjects: 0.073300 ms)

AssetImportParameters requested are different than current active one (requested -> active):
  custom:framework-win-MediaFoundation: 216162199b28c13a410421893ffa2e32 -> 
  custom:video-decoder-ogg-theora: a1e56fd34408186e4bbccfd4996cb3dc -> 
  custom:container-muxer-webm: aa71ff27fc2769a1b78a27578f13a17b -> 
  custom:container-demuxer-webm: 4f35f7cbe854078d1ac9338744f61a02 -> 
  custom:container-demuxer-ogg: 62fdf1f143b41e24485cea50d1cbac27 -> 
  custom:video-encoder-webm-vp8: eb34c28f22e8b96e1ab97ce403110664 -> 
  custom:video-decoder-webm-vp8: 9c59270c3fd7afecdb556c50c9e8de78 -> 
  custom:audio-decoder-ogg-vorbis: bf7c407c2cedff20999df2af8eb42d56 -> 
  custom:audio-encoder-webm-vorbis: bf7c407c2cedff20999df2af8eb42d56 -> 
========================================================================
Received Import Request.
  path: Assets/Scenes
  artifactKey: Guid(2c0578cfce3850748ab2affc257d8df7) Importer(815301076,1909f56bfc062723c751e8b465ee728b)
Start importing Assets/Scenes using Guid(2c0578cfce3850748ab2affc257d8df7) Importer(815301076,1909f56bfc062723c751e8b465ee728b)  -> (artifact id: '8bd4c3719710512d17dff6edc17e0e03') in 0.013744 seconds 
  Import took 0.019085 seconds .

========================================================================
Received Import Request.
  Time since last request: 19218.195048 seconds.
  path: Assets/Tiny RPG Forest
  artifactKey: Guid(a628cc3a95d087b41b6effe78678dc00) Importer(815301076,1909f56bfc062723c751e8b465ee728b)
Start importing Assets/Tiny RPG Forest using Guid(a628cc3a95d087b41b6effe78678dc00) Importer(815301076,1909f56bfc062723c751e8b465ee728b)  -> (artifact id: '9c021e2c04024d54346a5e09d0ceee5a') in 0.005261 seconds 
  Import took 0.068491 seconds .

========================================================================
Received Import Request.
  Time since last request: 0.727834 seconds.
  path: Assets/Tiny RPG Forest/Scenes
  artifactKey: Guid(2e39666c8d97146989e82f1b73e1f71c) Importer(815301076,1909f56bfc062723c751e8b465ee728b)
Start importing Assets/Tiny RPG Forest/Scenes using Guid(2e39666c8d97146989e82f1b73e1f71c) Importer(815301076,1909f56bfc062723c751e8b465ee728b)  -> (artifact id: '74eafe7c0d2b97abb79bdb11614a6639') in 0.002399 seconds 
  Import took 0.007641 seconds .

========================================================================
Received Import Request.
  Time since last request: 1.059382 seconds.
  path: Assets/Tiny RPG Forest/Scenes/Demo.unity
  artifactKey: Guid(a2976afe523fb468ba0db9c74f827de5) Importer(815301076,1909f56bfc062723c751e8b465ee728b)
Start importing Assets/Tiny RPG Forest/Scenes/Demo.unity using Guid(a2976afe523fb468ba0db9c74f827de5) Importer(815301076,1909f56bfc062723c751e8b465ee728b)  -> (artifact id: '6dcc3676a4e69a01dd38a3c59c1932ce') in 0.195172 seconds 
  Import took 0.199436 seconds .

========================================================================
Received Import Request.
  Time since last request: 4.877624 seconds.
  path: Assets/Tiny RPG Forest/Artwork
  artifactKey: Guid(2997bd1d056ed4d788a6a187a0745a62) Importer(815301076,1909f56bfc062723c751e8b465ee728b)
Start importing Assets/Tiny RPG Forest/Artwork using Guid(2997bd1d056ed4d788a6a187a0745a62) Importer(815301076,1909f56bfc062723c751e8b465ee728b)  -> (artifact id: 'df1d7710a607e72ed475f0a4b2122b74') in 0.002347 seconds 
  Import took 0.007921 seconds .

========================================================================
Received Import Request.
  Time since last request: 0.776073 seconds.
  path: Assets/Tiny RPG Forest/Artwork/Environment
  artifactKey: Guid(100acaa2162c04f3c80ed7ec436e4f6a) Importer(815301076,1909f56bfc062723c751e8b465ee728b)
Start importing Assets/Tiny RPG Forest/Artwork/Environment using Guid(100acaa2162c04f3c80ed7ec436e4f6a) Importer(815301076,1909f56bfc062723c751e8b465ee728b)  -> (artifact id: 'f520f8051e3f1d7d67c42e5994226e56') in 0.002212 seconds 
  Import took 0.007167 seconds .

========================================================================
Received Import Request.
  Time since last request: 0.102304 seconds.
  path: Assets/Tiny RPG Forest/Artwork/Environment/tileset-sliced.png
  artifactKey: Guid(95d22684aba5646d79a26b3287a692b6) Importer(815301076,1909f56bfc062723c751e8b465ee728b)
Start importing Assets/Tiny RPG Forest/Artwork/Environment/tileset-sliced.png using Guid(95d22684aba5646d79a26b3287a692b6) Importer(815301076,1909f56bfc062723c751e8b465ee728b)  -> (artifact id: 'c3516707d07fa289730868ba44ebd36d') in 1.156486 seconds 
  Import took 1.164417 seconds .

========================================================================
Received Import Request.
  Time since last request: 0.000666 seconds.
  path: Assets/Tiny RPG Forest/Artwork/Environment/sliced-objects
  artifactKey: Guid(6b598df917e2f4bc1ab4004a1d4eed1b) Importer(815301076,1909f56bfc062723c751e8b465ee728b)
Start importing Assets/Tiny RPG Forest/Artwork/Environment/sliced-objects using Guid(6b598df917e2f4bc1ab4004a1d4eed1b) Importer(815301076,1909f56bfc062723c751e8b465ee728b)  -> (artifact id: 'f2d79ce2298bc8b20e420c8ac9441abc') in 0.002856 seconds 
  Import took 0.009868 seconds .

========================================================================
Received Import Request.
  Time since last request: 0.000858 seconds.
  path: Assets/Tiny RPG Forest/Artwork/Environment/tileset.png
  artifactKey: Guid(fa9008ba27d044823835d85918621932) Importer(815301076,1909f56bfc062723c751e8b465ee728b)
Start importing Assets/Tiny RPG Forest/Artwork/Environment/tileset.png using Guid(fa9008ba27d044823835d85918621932) Importer(815301076,1909f56bfc062723c751e8b465ee728b)  -> (artifact id: '3c94a86c20badd201e7d377b6a6ace55') in 0.021259 seconds 
  Import took 0.029169 seconds .

========================================================================
Received Import Request.
  Time since last request: 0.317987 seconds.
  path: Assets/Tiny RPG Forest/Artwork/Environment/waterfall animation
  artifactKey: Guid(a9b87a1d2e53c4e6789106ac6536b371) Importer(815301076,1909f56bfc062723c751e8b465ee728b)
Start importing Assets/Tiny RPG Forest/Artwork/Environment/waterfall animation using Guid(a9b87a1d2e53c4e6789106ac6536b371) Importer(815301076,1909f56bfc062723c751e8b465ee728b)  -> (artifact id: '0692033bc92868618b81a9a4a02bd791') in 0.002347 seconds 
  Import took 0.007692 seconds .

========================================================================
Received Import Request.
  Time since last request: 0.674992 seconds.
  path: Assets/Tiny RPG Forest/Artwork/Environment/waterfall animation/waterfall-1.png
  artifactKey: Guid(b3d6035f6aea241b890878b6ab7a906b) Importer(815301076,1909f56bfc062723c751e8b465ee728b)
Start importing Assets/Tiny RPG Forest/Artwork/Environment/waterfall animation/waterfall-1.png using Guid(b3d6035f6aea241b890878b6ab7a906b) Importer(815301076,1909f56bfc062723c751e8b465ee728b)  -> (artifact id: 'fc4afb68d9ba2863363271e2c7928151') in 0.010465 seconds 
  Import took 0.015137 seconds .

========================================================================
Received Import Request.
  Time since last request: 0.000602 seconds.
  path: Assets/Tiny RPG Forest/Artwork/Environment/waterfall animation/waterfall-3.png
  artifactKey: Guid(79830f9904f294b0985ee12dc19c5787) Importer(815301076,1909f56bfc062723c751e8b465ee728b)
Start importing Assets/Tiny RPG Forest/Artwork/Environment/waterfall animation/waterfall-3.png using Guid(79830f9904f294b0985ee12dc19c5787) Importer(815301076,1909f56bfc062723c751e8b465ee728b)  -> (artifact id: 'd4927f6723f32a1cda287ab1cf4ac022') in 0.012614 seconds 
  Import took 0.017998 seconds .

========================================================================
Received Import Request.
  Time since last request: 0.000468 seconds.
  path: Assets/Tiny RPG Forest/Artwork/Environment/waterfall animation/waterfall-2.png
  artifactKey: Guid(0d8580bf6a8d0490ababa91f75326fbb) Importer(815301076,1909f56bfc062723c751e8b465ee728b)
Start importing Assets/Tiny RPG Forest/Artwork/Environment/waterfall animation/waterfall-2.png using Guid(0d8580bf6a8d0490ababa91f75326fbb) Importer(815301076,1909f56bfc062723c751e8b465ee728b)  -> (artifact id: '899e8a7311ba1af1afacb32ed33285db') in 0.019604 seconds 
  Import took 0.025123 seconds .

========================================================================
Received Import Request.
  Time since last request: 2.302800 seconds.
  path: Assets/Tiny RPG Forest/Artwork/Environment/sliced-objects/bush-tall.png
  artifactKey: Guid(aa94c6da14ecf4a8690f02549a9ac6a7) Importer(815301076,1909f56bfc062723c751e8b465ee728b)
Start importing Assets/Tiny RPG Forest/Artwork/Environment/sliced-objects/bush-tall.png using Guid(aa94c6da14ecf4a8690f02549a9ac6a7) Importer(815301076,1909f56bfc062723c751e8b465ee728b)  -> (artifact id: 'e3657ca838981931b775bb1aaba0f651') in 0.008787 seconds 
  Import took 0.013546 seconds .

========================================================================
Received Import Request.
  Time since last request: 0.000621 seconds.
  path: Assets/Tiny RPG Forest/Artwork/Environment/sliced-objects/rock.png
  artifactKey: Guid(37eaf6e537ca749adaaea0a3e900d411) Importer(815301076,1909f56bfc062723c751e8b465ee728b)
Start importing Assets/Tiny RPG Forest/Artwork/Environment/sliced-objects/rock.png using Guid(37eaf6e537ca749adaaea0a3e900d411) Importer(815301076,1909f56bfc062723c751e8b465ee728b)  -> (artifact id: 'd3577d24464950f942540e48932c7c75') in 0.014991 seconds 
  Import took 0.020708 seconds .

========================================================================
Received Import Request.
  Time since last request: 0.000490 seconds.
  path: Assets/Tiny RPG Forest/Artwork/Environment/sliced-objects/tree-orange.png
  artifactKey: Guid(8c69f3cd16f534bec8236a6484f500d4) Importer(815301076,1909f56bfc062723c751e8b465ee728b)
Start importing Assets/Tiny RPG Forest/Artwork/Environment/sliced-objects/tree-orange.png using Guid(8c69f3cd16f534bec8236a6484f500d4) Importer(815301076,1909f56bfc062723c751e8b465ee728b)  -> (artifact id: '7480b3ea90739d8fba24db7b6d8171a7') in 0.019222 seconds 
  Import took 0.024420 seconds .

========================================================================
Received Import Request.
  Time since last request: 0.000450 seconds.
  path: Assets/Tiny RPG Forest/Artwork/Environment/sliced-objects/rock-monument.png
  artifactKey: Guid(2eb82ac66de274383af71b2eb2c75da0) Importer(815301076,1909f56bfc062723c751e8b465ee728b)
Start importing Assets/Tiny RPG Forest/Artwork/Environment/sliced-objects/rock-monument.png using Guid(2eb82ac66de274383af71b2eb2c75da0) Importer(815301076,1909f56bfc062723c751e8b465ee728b)  -> (artifact id: '97f81fa9629842010837356fe8124271') in 0.012538 seconds 
  Import took 0.021670 seconds .

========================================================================
Received Import Request.
  Time since last request: 0.000616 seconds.
  path: Assets/Tiny RPG Forest/Artwork/Environment/sliced-objects/tree-dried.png
  artifactKey: Guid(db07cc93e21f1457d9a1364618027fbb) Importer(815301076,1909f56bfc062723c751e8b465ee728b)
Start importing Assets/Tiny RPG Forest/Artwork/Environment/sliced-objects/tree-dried.png using Guid(db07cc93e21f1457d9a1364618027fbb) Importer(815301076,1909f56bfc062723c751e8b465ee728b)  -> (artifact id: '9b2adbf7857637c62df584279a0ed427') in 0.014664 seconds 
  Import took 0.020613 seconds .

========================================================================
Received Import Request.
  Time since last request: 0.000493 seconds.
  path: Assets/Tiny RPG Forest/Artwork/Environment/sliced-objects/bush.png
  artifactKey: Guid(dbc624f7b3a644dcf989e434e63d9a98) Importer(815301076,1909f56bfc062723c751e8b465ee728b)
Start importing Assets/Tiny RPG Forest/Artwork/Environment/sliced-objects/bush.png using Guid(dbc624f7b3a644dcf989e434e63d9a98) Importer(815301076,1909f56bfc062723c751e8b465ee728b)  -> (artifact id: '83be5a5f5d1a7c29e27976329290fba7') in 0.012731 seconds 
  Import took 0.053021 seconds .

========================================================================
Received Import Request.
  Time since last request: 0.000589 seconds.
  path: Assets/Tiny RPG Forest/Artwork/Environment/sliced-objects/tree-pink.png
  artifactKey: Guid(c008626f5108946299e1a584ba85fa5b) Importer(815301076,1909f56bfc062723c751e8b465ee728b)
Start importing Assets/Tiny RPG Forest/Artwork/Environment/sliced-objects/tree-pink.png using Guid(c008626f5108946299e1a584ba85fa5b) Importer(815301076,1909f56bfc062723c751e8b465ee728b)  -> (artifact id: 'c1b9e2d651e9153841a9f334cf15a8b4') in 0.012198 seconds 
  Import took 0.017560 seconds .

========================================================================
Received Import Request.
  Time since last request: 0.000558 seconds.
  path: Assets/Tiny RPG Forest/Artwork/Environment/sliced-objects/trunk.png
  artifactKey: Guid(606bc7833699b46bfb26e8141d2a64a7) Importer(815301076,1909f56bfc062723c751e8b465ee728b)
Start importing Assets/Tiny RPG Forest/Artwork/Environment/sliced-objects/trunk.png using Guid(606bc7833699b46bfb26e8141d2a64a7) Importer(815301076,1909f56bfc062723c751e8b465ee728b)  -> (artifact id: '4834ea04fef304de28422f08e4f8d3a4') in 0.013439 seconds 
  Import took 0.019638 seconds .

========================================================================
Received Import Request.
  Time since last request: 0.098021 seconds.
  path: Assets/Tiny RPG Forest/Artwork/Environment/sliced-objects/sign.png
  artifactKey: Guid(b52a57bea9b6a47e096e15fd1bbe2fb0) Importer(815301076,1909f56bfc062723c751e8b465ee728b)
Start importing Assets/Tiny RPG Forest/Artwork/Environment/sliced-objects/sign.png using Guid(b52a57bea9b6a47e096e15fd1bbe2fb0) Importer(815301076,1909f56bfc062723c751e8b465ee728b)  -> (artifact id: '8e4a8218328b97b08795c6671260c5cf') in 0.012219 seconds 
  Import took 0.017634 seconds .

========================================================================
Received Import Request.
  Time since last request: 60.069276 seconds.
  path: Assets/ground_1.jpg
  artifactKey: Guid(ca2f8bb4fe9d2d141bf4058b6ad314f2) Importer(815301076,1909f56bfc062723c751e8b465ee728b)
Start importing Assets/ground_1.jpg using Guid(ca2f8bb4fe9d2d141bf4058b6ad314f2) Importer(815301076,1909f56bfc062723c751e8b465ee728b)  -> (artifact id: '7ffb5ca08cd155502daa9ceece664991') in 0.020732 seconds 
  Import took 0.026514 seconds .

========================================================================
Received Import Request.
  Time since last request: 1.310827 seconds.
  path: Assets
  artifactKey: Guid(00000000000000001000000000000000) Importer(815301076,1909f56bfc062723c751e8b465ee728b)
Start importing Assets using Guid(00000000000000001000000000000000) Importer(815301076,1909f56bfc062723c751e8b465ee728b)  -> (artifact id: '42d402b061de3733987d63b9cc3b64de') in 0.002545 seconds 
  Import took 0.007147 seconds .

========================================================================
Received Import Request.
  Time since last request: 10.059505 seconds.
  path: Assets/Sprites
  artifactKey: Guid(761561d4acb06784ba92d02fe7dd595a) Importer(815301076,1909f56bfc062723c751e8b465ee728b)
Start importing Assets/Sprites using Guid(761561d4acb06784ba92d02fe7dd595a) Importer(815301076,1909f56bfc062723c751e8b465ee728b)  -> (artifact id: 'b09d2b6569be7308700ce641599114a3') in 0.002210 seconds 
  Import took 0.008163 seconds .

========================================================================
Received Prepare
Registering precompiled user dll's ...
Registered in 0.002832 seconds.
Begin MonoManager ReloadAssembly
Native extension for WindowsStandalone target not found
Refreshing native plugins compatible for Editor in 0.30 ms, found 2 plugins.
Preloading 0 native plugins for Editor in 0.00 ms.
Mono: successfully reloaded assembly
- Completed reload, in  0.913 seconds
Domain Reload Profiling:
	ReloadAssembly (934ms)
		BeginReloadAssembly (209ms)
			ExecutionOrderSort (0ms)
			DisableScriptedObjects (11ms)
			BackupInstance (0ms)
			ReleaseScriptingObjects (0ms)
			CreateAndSetChildDomain (101ms)
		EndReloadAssembly (668ms)
			LoadAssemblies (79ms)
			RebuildTransferFunctionScriptingTraits (0ms)
			SetupTypeCache (240ms)
			ReleaseScriptCaches (1ms)
			RebuildScriptCaches (40ms)
			SetupLoadedEditorAssemblies (230ms)
				LogAssemblyErrors (0ms)
				InitializePlatformSupportModulesInManaged (5ms)
				SetLoadedEditorAssemblies (1ms)
				RefreshPlugins (1ms)
				BeforeProcessingInitializeOnLoad (58ms)
				ProcessInitializeOnLoadAttributes (157ms)
				ProcessInitializeOnLoadMethodAttributes (6ms)
				AfterProcessingInitializeOnLoad (2ms)
				EditorAssembliesLoaded (0ms)
			ExecutionOrderSort2 (0ms)
			AwakeInstancesAfterBackupRestoration (6ms)
Platform modules already initialized, skipping
Refreshing native plugins compatible for Editor in 0.33 ms, found 2 plugins.
Preloading 0 native plugins for Editor in 0.00 ms.
Unloading 1466 Unused Serialized files (Serialized files now loaded: 0)
System memory in use before: 70.4 MB.
System memory in use after: 70.5 MB.

Unloading 11 unused Assets to reduce memory usage. Loaded Objects now: 1938.
Total: 2.811700 ms (FindLiveObjects: 0.145400 ms CreateObjectMapping: 0.035900 ms MarkObjects: 2.608300 ms  DeleteObjects: 0.021200 ms)

AssetImportParameters requested are different than current active one (requested -> active):
  custom:framework-win-MediaFoundation: 216162199b28c13a410421893ffa2e32 -> 
  custom:video-decoder-ogg-theora: a1e56fd34408186e4bbccfd4996cb3dc -> 
  custom:container-muxer-webm: aa71ff27fc2769a1b78a27578f13a17b -> 
  custom:container-demuxer-webm: 4f35f7cbe854078d1ac9338744f61a02 -> 
  custom:container-demuxer-ogg: 62fdf1f143b41e24485cea50d1cbac27 -> 
  custom:video-encoder-webm-vp8: eb34c28f22e8b96e1ab97ce403110664 -> 
  custom:video-decoder-webm-vp8: 9c59270c3fd7afecdb556c50c9e8de78 -> 
  custom:audio-decoder-ogg-vorbis: bf7c407c2cedff20999df2af8eb42d56 -> 
  custom:audio-encoder-webm-vorbis: bf7c407c2cedff20999df2af8eb42d56 -> 
========================================================================
Received Import Request.
  Time since last request: 65.146846 seconds.
  path: Assets/Sprites/wilson_1.png
  artifactKey: Guid(2c2c860ecfb4f8644bd480f6c9d3725f) Importer(815301076,1909f56bfc062723c751e8b465ee728b)
Start importing Assets/Sprites/wilson_1.png using Guid(2c2c860ecfb4f8644bd480f6c9d3725f) Importer(815301076,1909f56bfc062723c751e8b465ee728b)  -> (artifact id: '9f70e26e5b436709b7c10e6db8ef4c6c') in 0.043365 seconds 
  Import took 0.048464 seconds .

========================================================================
Received Import Request.
  Time since last request: 17.751073 seconds.
  path: Assets/Scenes/SampleScene.unity
  artifactKey: Guid(2cda990e2423bbf4892e6590ba056729) Importer(815301076,1909f56bfc062723c751e8b465ee728b)
Start importing Assets/Scenes/SampleScene.unity using Guid(2cda990e2423bbf4892e6590ba056729) Importer(815301076,1909f56bfc062723c751e8b465ee728b)  -> (artifact id: '87e0b5b3dcfdb9d48e863c473f732378') in 0.002749 seconds 
  Import took 0.008101 seconds .

========================================================================
Received Import Request.
  Time since last request: 33.636785 seconds.
  path: Assets/Sprites/wilson_1.png
  artifactKey: Guid(2c2c860ecfb4f8644bd480f6c9d3725f) Importer(815301076,1909f56bfc062723c751e8b465ee728b)
Start importing Assets/Sprites/wilson_1.png using Guid(2c2c860ecfb4f8644bd480f6c9d3725f) Importer(815301076,1909f56bfc062723c751e8b465ee728b)  -> (artifact id: 'be1d1512001910bcf16059675ecae06d') in 0.062603 seconds 
  Import took 0.090630 seconds .

========================================================================
Received Import Request.
  Time since last request: 12.723760 seconds.
  path: Assets/Sprites/wilson_1.png
  artifactKey: Guid(2c2c860ecfb4f8644bd480f6c9d3725f) Importer(815301076,1909f56bfc062723c751e8b465ee728b)
Start importing Assets/Sprites/wilson_1.png using Guid(2c2c860ecfb4f8644bd480f6c9d3725f) Importer(815301076,1909f56bfc062723c751e8b465ee728b)  -> (artifact id: 'e85f1ce77b57db00c2983fa13f89dfa6') in 0.014780 seconds 
  Import took 0.019996 seconds .

========================================================================
Received Import Request.
  Time since last request: 11.773042 seconds.
  path: Assets/Sprites/wilson_1.png
  artifactKey: Guid(2c2c860ecfb4f8644bd480f6c9d3725f) Importer(815301076,1909f56bfc062723c751e8b465ee728b)
Start importing Assets/Sprites/wilson_1.png using Guid(2c2c860ecfb4f8644bd480f6c9d3725f) Importer(815301076,1909f56bfc062723c751e8b465ee728b)  -> (artifact id: '74006ed89986453d73eaed3d24d5cf6b') in 0.015142 seconds 
  Import took 0.020456 seconds .

========================================================================
Received Import Request.
  Time since last request: 72.999487 seconds.
  path: Assets/Tiny RPG Forest/Artwork/sprites
  artifactKey: Guid(7abb9878f76254869a9b13568f59ba3a) Importer(815301076,1909f56bfc062723c751e8b465ee728b)
Start importing Assets/Tiny RPG Forest/Artwork/sprites using Guid(7abb9878f76254869a9b13568f59ba3a) Importer(815301076,1909f56bfc062723c751e8b465ee728b)  -> (artifact id: 'aa5f574b324095b17acc2e2e9f7151f8') in 0.002117 seconds 
  Import took 0.007578 seconds .

========================================================================
Received Import Request.
  Time since last request: 0.481656 seconds.
  path: Assets/Tiny RPG Forest/Artwork/sprites/hero
  artifactKey: Guid(b06f4cfcd50704b4993d14e1a2761a97) Importer(815301076,1909f56bfc062723c751e8b465ee728b)
Start importing Assets/Tiny RPG Forest/Artwork/sprites/hero using Guid(b06f4cfcd50704b4993d14e1a2761a97) Importer(815301076,1909f56bfc062723c751e8b465ee728b)  -> (artifact id: '0a15b6de934ac9427de1ae48061fa81e') in 0.002739 seconds 
  Import took 0.007710 seconds .

========================================================================
Received Import Request.
  Time since last request: 1.799566 seconds.
  path: Assets/Tiny RPG Forest/Artwork/sprites/hero/walk
  artifactKey: Guid(71405aaa993a7461f9babb5c26d09c3b) Importer(815301076,1909f56bfc062723c751e8b465ee728b)
Start importing Assets/Tiny RPG Forest/Artwork/sprites/hero/walk using Guid(71405aaa993a7461f9babb5c26d09c3b) Importer(815301076,1909f56bfc062723c751e8b465ee728b)  -> (artifact id: 'b59ae5542a28e642f265edc0b144ec7d') in 0.002384 seconds 
  Import took 0.007520 seconds .

========================================================================
Received Import Request.
  Time since last request: 2.722176 seconds.
  path: Assets/Tiny RPG Forest/Artwork/sprites/hero/walk/hero-walk-front
  artifactKey: Guid(6a8116135c8574284ba3443b82384d49) Importer(815301076,1909f56bfc062723c751e8b465ee728b)
Start importing Assets/Tiny RPG Forest/Artwork/sprites/hero/walk/hero-walk-front using Guid(6a8116135c8574284ba3443b82384d49) Importer(815301076,1909f56bfc062723c751e8b465ee728b)  -> (artifact id: 'c02945a4f3f01e020391c2c7893c67f4') in 0.002222 seconds 
  Import took 0.007015 seconds .

========================================================================
Received Import Request.
  Time since last request: 0.100666 seconds.
  path: Assets/Tiny RPG Forest/Artwork/sprites/hero/walk/hero-walk-front/hero-walk-front-1.png
  artifactKey: Guid(8f92b2d912773479894490421de2bc04) Importer(815301076,1909f56bfc062723c751e8b465ee728b)
Start importing Assets/Tiny RPG Forest/Artwork/sprites/hero/walk/hero-walk-front/hero-walk-front-1.png using Guid(8f92b2d912773479894490421de2bc04) Importer(815301076,1909f56bfc062723c751e8b465ee728b)  -> (artifact id: '79551dbfcdf0fa900d5c93a123b80560') in 0.008863 seconds 
  Import took 0.013641 seconds .

========================================================================
Received Import Request.
  Time since last request: 0.000506 seconds.
  path: Assets/Tiny RPG Forest/Artwork/sprites/hero/walk/hero-walk-front/hero-walk-front-2.png
  artifactKey: Guid(5365aa814486e4356841731775eab6ec) Importer(815301076,1909f56bfc062723c751e8b465ee728b)
Start importing Assets/Tiny RPG Forest/Artwork/sprites/hero/walk/hero-walk-front/hero-walk-front-2.png using Guid(5365aa814486e4356841731775eab6ec) Importer(815301076,1909f56bfc062723c751e8b465ee728b)  -> (artifact id: '97c4d4c34a9e11c2352aa5964d0e5f81') in 0.010881 seconds 
  Import took 0.016502 seconds .

========================================================================
Received Import Request.
  Time since last request: 0.000568 seconds.
  path: Assets/Tiny RPG Forest/Artwork/sprites/hero/walk/hero-walk-front/hero-walk-front-4.png
  artifactKey: Guid(8d49905babc88495495ad3a6f7fce288) Importer(815301076,1909f56bfc062723c751e8b465ee728b)
Start importing Assets/Tiny RPG Forest/Artwork/sprites/hero/walk/hero-walk-front/hero-walk-front-4.png using Guid(8d49905babc88495495ad3a6f7fce288) Importer(815301076,1909f56bfc062723c751e8b465ee728b)  -> (artifact id: '92cea1ed6b425326c250c2e54eab79ae') in 0.013307 seconds 
  Import took 0.018490 seconds .

========================================================================
Received Import Request.
  Time since last request: 0.000619 seconds.
  path: Assets/Tiny RPG Forest/Artwork/sprites/hero/walk/hero-walk-front/hero-walk-front-5.png
  artifactKey: Guid(7376652f4768d4adf82c2dec25babcaa) Importer(815301076,1909f56bfc062723c751e8b465ee728b)
Start importing Assets/Tiny RPG Forest/Artwork/sprites/hero/walk/hero-walk-front/hero-walk-front-5.png using Guid(7376652f4768d4adf82c2dec25babcaa) Importer(815301076,1909f56bfc062723c751e8b465ee728b)  -> (artifact id: '41cdfa50a16d3ffb0eb34623a1bb7e50') in 0.013349 seconds 
  Import took 0.019149 seconds .

========================================================================
Received Import Request.
  Time since last request: 0.000524 seconds.
  path: Assets/Tiny RPG Forest/Artwork/sprites/hero/walk/hero-walk-front/hero-walk-front-6.png
  artifactKey: Guid(54e307e02e8174335a835d5efe3c8380) Importer(815301076,1909f56bfc062723c751e8b465ee728b)
Start importing Assets/Tiny RPG Forest/Artwork/sprites/hero/walk/hero-walk-front/hero-walk-front-6.png using Guid(54e307e02e8174335a835d5efe3c8380) Importer(815301076,1909f56bfc062723c751e8b465ee728b)  -> (artifact id: '10554405197cc2a993adcdbf0dc82a3d') in 0.010786 seconds 
  Import took 0.016659 seconds .

========================================================================
Received Import Request.
  Time since last request: 0.000532 seconds.
  path: Assets/Tiny RPG Forest/Artwork/sprites/hero/walk/hero-walk-front/hero-walk-front-3.png
  artifactKey: Guid(1e624e1a997d8411ebe498d51d9dcc6d) Importer(815301076,1909f56bfc062723c751e8b465ee728b)
Start importing Assets/Tiny RPG Forest/Artwork/sprites/hero/walk/hero-walk-front/hero-walk-front-3.png using Guid(1e624e1a997d8411ebe498d51d9dcc6d) Importer(815301076,1909f56bfc062723c751e8b465ee728b)  -> (artifact id: 'ea6816209f3c9d19f2fe7100ad9962cf') in 0.009216 seconds 
  Import took 0.015295 seconds .

========================================================================
Received Import Request.
  Time since last request: 4.717361 seconds.
  path: Assets/Tiny RPG Forest/Artwork/sprites/hero/walk/hero-walk-back
  artifactKey: Guid(ec46a07414c0d47d48b7391e0ee40f51) Importer(815301076,1909f56bfc062723c751e8b465ee728b)
Start importing Assets/Tiny RPG Forest/Artwork/sprites/hero/walk/hero-walk-back using Guid(ec46a07414c0d47d48b7391e0ee40f51) Importer(815301076,1909f56bfc062723c751e8b465ee728b)  -> (artifact id: '15c121f1b815078998407aead69d7730') in 0.002086 seconds 
  Import took 0.006807 seconds .

========================================================================
Received Import Request.
  Time since last request: 0.168797 seconds.
  path: Assets/Tiny RPG Forest/Artwork/sprites/hero/walk/hero-walk-back/hero-walk-back-1.png
  artifactKey: Guid(b6844b89804364482afc9e85f4c7ead6) Importer(815301076,1909f56bfc062723c751e8b465ee728b)
Start importing Assets/Tiny RPG Forest/Artwork/sprites/hero/walk/hero-walk-back/hero-walk-back-1.png using Guid(b6844b89804364482afc9e85f4c7ead6) Importer(815301076,1909f56bfc062723c751e8b465ee728b)  -> (artifact id: '585423e578c934931a5e3890a7800afd') in 0.014011 seconds 
  Import took 0.019430 seconds .

========================================================================
Received Import Request.
  Time since last request: 0.000638 seconds.
  path: Assets/Tiny RPG Forest/Artwork/sprites/hero/walk/hero-walk-back/hero-walk-back-3.png
  artifactKey: Guid(a7663080596d341069f6dbaaecd4ab9d) Importer(815301076,1909f56bfc062723c751e8b465ee728b)
Start importing Assets/Tiny RPG Forest/Artwork/sprites/hero/walk/hero-walk-back/hero-walk-back-3.png using Guid(a7663080596d341069f6dbaaecd4ab9d) Importer(815301076,1909f56bfc062723c751e8b465ee728b)  -> (artifact id: '465e391a61cdc158ca3069f4d6bfd850') in 0.017599 seconds 
  Import took 0.023563 seconds .

========================================================================
Received Import Request.
  Time since last request: 0.000568 seconds.
  path: Assets/Tiny RPG Forest/Artwork/sprites/hero/walk/hero-walk-back/hero-walk-back-5.png
  artifactKey: Guid(b6e0510b98b514e078dd461313dcd347) Importer(815301076,1909f56bfc062723c751e8b465ee728b)
Start importing Assets/Tiny RPG Forest/Artwork/sprites/hero/walk/hero-walk-back/hero-walk-back-5.png using Guid(b6e0510b98b514e078dd461313dcd347) Importer(815301076,1909f56bfc062723c751e8b465ee728b)  -> (artifact id: '8b2cfacef549365993dc7f68fceaac1a') in 0.009405 seconds 
  Import took 0.014776 seconds .

========================================================================
Received Import Request.
  Time since last request: 0.000591 seconds.
  path: Assets/Tiny RPG Forest/Artwork/sprites/hero/walk/hero-walk-back/hero-walk-back-6.png
  artifactKey: Guid(89a9ed82b75b24c1492b3fd640424573) Importer(815301076,1909f56bfc062723c751e8b465ee728b)
Start importing Assets/Tiny RPG Forest/Artwork/sprites/hero/walk/hero-walk-back/hero-walk-back-6.png using Guid(89a9ed82b75b24c1492b3fd640424573) Importer(815301076,1909f56bfc062723c751e8b465ee728b)  -> (artifact id: '994a63c43e40ee138937e2af28e11eba') in 0.011945 seconds 
  Import took 0.022140 seconds .

========================================================================
Received Import Request.
  Time since last request: 0.000695 seconds.
  path: Assets/Tiny RPG Forest/Artwork/sprites/hero/walk/hero-walk-back/hero-walk-back-4.png
  artifactKey: Guid(2a39d1b36efff405c9fa9eea030081b5) Importer(815301076,1909f56bfc062723c751e8b465ee728b)
Start importing Assets/Tiny RPG Forest/Artwork/sprites/hero/walk/hero-walk-back/hero-walk-back-4.png using Guid(2a39d1b36efff405c9fa9eea030081b5) Importer(815301076,1909f56bfc062723c751e8b465ee728b)  -> (artifact id: '3b35bab691ef9c06c482b79b564a6621') in 0.012024 seconds 
  Import took 0.018578 seconds .

========================================================================
Received Import Request.
  Time since last request: 0.000694 seconds.
  path: Assets/Tiny RPG Forest/Artwork/sprites/hero/walk/hero-walk-back/hero-walk-back-2.png
  artifactKey: Guid(bf39c8ce7ced841cdadf0334489a8ece) Importer(815301076,1909f56bfc062723c751e8b465ee728b)
Start importing Assets/Tiny RPG Forest/Artwork/sprites/hero/walk/hero-walk-back/hero-walk-back-2.png using Guid(bf39c8ce7ced841cdadf0334489a8ece) Importer(815301076,1909f56bfc062723c751e8b465ee728b)  -> (artifact id: '512c9bae00c0a88ac758c4a7cafe7d7b') in 0.016773 seconds 
  Import took 0.021991 seconds .

========================================================================
Received Import Request.
  Time since last request: 26.860064 seconds.
  path: Assets/Tiny RPG Forest/Artwork/sprites/hero/walk/hero-walk-side
  artifactKey: Guid(3716bc9cc2e2446498a713c17c3c1f55) Importer(815301076,1909f56bfc062723c751e8b465ee728b)
Start importing Assets/Tiny RPG Forest/Artwork/sprites/hero/walk/hero-walk-side using Guid(3716bc9cc2e2446498a713c17c3c1f55) Importer(815301076,1909f56bfc062723c751e8b465ee728b)  -> (artifact id: 'a66d66d0c811864aa463524746a00bf0') in 0.002132 seconds 
  Import took 0.008035 seconds .

========================================================================
Received Import Request.
  Time since last request: 1.500855 seconds.
  path: Assets/Tiny RPG Forest/Artwork/sprites/hero/idle
  artifactKey: Guid(6df22e133cecc4ff1a20067f8534ac60) Importer(815301076,1909f56bfc062723c751e8b465ee728b)
Start importing Assets/Tiny RPG Forest/Artwork/sprites/hero/idle using Guid(6df22e133cecc4ff1a20067f8534ac60) Importer(815301076,1909f56bfc062723c751e8b465ee728b)  -> (artifact id: 'eb83db14218dd54f6c0d9fe2b525f942') in 0.002405 seconds 
  Import took 0.007543 seconds .

========================================================================
Received Import Request.
  Time since last request: 0.847601 seconds.
  path: Assets/Tiny RPG Forest/Artwork/sprites/hero/idle/hero-idle-front
  artifactKey: Guid(21770dca628cc463e9efba785dd3f705) Importer(815301076,1909f56bfc062723c751e8b465ee728b)
Start importing Assets/Tiny RPG Forest/Artwork/sprites/hero/idle/hero-idle-front using Guid(21770dca628cc463e9efba785dd3f705) Importer(815301076,1909f56bfc062723c751e8b465ee728b)  -> (artifact id: '7930ff612e70fbec13e72ee885310ef4') in 0.003255 seconds 
  Import took 0.009784 seconds .

========================================================================
Received Import Request.
  Time since last request: 0.065259 seconds.
  path: Assets/Tiny RPG Forest/Artwork/sprites/hero/idle/hero-idle-front/hero-idle-front.png
  artifactKey: Guid(0f39a9205e4394ee1b6ba8269428d176) Importer(815301076,1909f56bfc062723c751e8b465ee728b)
Start importing Assets/Tiny RPG Forest/Artwork/sprites/hero/idle/hero-idle-front/hero-idle-front.png using Guid(0f39a9205e4394ee1b6ba8269428d176) Importer(815301076,1909f56bfc062723c751e8b465ee728b)  -> (artifact id: '4819aa8e1304ff3e4532bcd53a71095a') in 0.008919 seconds 
  Import took 0.014352 seconds .

========================================================================
Received Prepare
Registering precompiled user dll's ...
Registered in 0.002435 seconds.
Begin MonoManager ReloadAssembly
Native extension for WindowsStandalone target not found
Refreshing native plugins compatible for Editor in 0.42 ms, found 2 plugins.
Preloading 0 native plugins for Editor in 0.00 ms.
Mono: successfully reloaded assembly
- Completed reload, in  0.977 seconds
Domain Reload Profiling:
	ReloadAssembly (978ms)
		BeginReloadAssembly (98ms)
			ExecutionOrderSort (0ms)
			DisableScriptedObjects (6ms)
			BackupInstance (0ms)
			ReleaseScriptingObjects (0ms)
			CreateAndSetChildDomain (35ms)
		EndReloadAssembly (832ms)
			LoadAssemblies (79ms)
			RebuildTransferFunctionScriptingTraits (0ms)
			SetupTypeCache (270ms)
			ReleaseScriptCaches (1ms)
			RebuildScriptCaches (36ms)
			SetupLoadedEditorAssemblies (339ms)
				LogAssemblyErrors (0ms)
				InitializePlatformSupportModulesInManaged (5ms)
				SetLoadedEditorAssemblies (0ms)
				RefreshPlugins (1ms)
				BeforeProcessingInitializeOnLoad (95ms)
				ProcessInitializeOnLoadAttributes (227ms)
				ProcessInitializeOnLoadMethodAttributes (7ms)
				AfterProcessingInitializeOnLoad (3ms)
				EditorAssembliesLoaded (0ms)
			ExecutionOrderSort2 (0ms)
			AwakeInstancesAfterBackupRestoration (8ms)
Platform modules already initialized, skipping
Refreshing native plugins compatible for Editor in 1.29 ms, found 2 plugins.
Preloading 0 native plugins for Editor in 0.00 ms.
Unloading 1467 Unused Serialized files (Serialized files now loaded: 0)
System memory in use before: 70.5 MB.
System memory in use after: 70.6 MB.

Unloading 11 unused Assets to reduce memory usage. Loaded Objects now: 1948.
Total: 4.621300 ms (FindLiveObjects: 0.383100 ms CreateObjectMapping: 0.128400 ms MarkObjects: 4.044600 ms  DeleteObjects: 0.062000 ms)

AssetImportParameters requested are different than current active one (requested -> active):
  custom:framework-win-MediaFoundation: 216162199b28c13a410421893ffa2e32 -> 
  custom:video-decoder-ogg-theora: a1e56fd34408186e4bbccfd4996cb3dc -> 
  custom:container-muxer-webm: aa71ff27fc2769a1b78a27578f13a17b -> 
  custom:container-demuxer-webm: 4f35f7cbe854078d1ac9338744f61a02 -> 
  custom:container-demuxer-ogg: 62fdf1f143b41e24485cea50d1cbac27 -> 
  custom:video-encoder-webm-vp8: eb34c28f22e8b96e1ab97ce403110664 -> 
  custom:video-decoder-webm-vp8: 9c59270c3fd7afecdb556c50c9e8de78 -> 
  custom:audio-decoder-ogg-vorbis: bf7c407c2cedff20999df2af8eb42d56 -> 
  custom:audio-encoder-webm-vorbis: bf7c407c2cedff20999df2af8eb42d56 -> 
========================================================================
Received Import Request.
  Time since last request: 69.987154 seconds.
  path: Assets/PlayerMovement.cs
  artifactKey: Guid(19ec86bbee1fe974ab4cf2978b6ec04b) Importer(815301076,1909f56bfc062723c751e8b465ee728b)
Start importing Assets/PlayerMovement.cs using Guid(19ec86bbee1fe974ab4cf2978b6ec04b) Importer(815301076,1909f56bfc062723c751e8b465ee728b)  -> (artifact id: '9c8559d0643a194440edff79a232dcb9') in 0.016594 seconds 
  Import took 0.021778 seconds .

========================================================================
Received Prepare
Registering precompiled user dll's ...
Registered in 0.002319 seconds.
Begin MonoManager ReloadAssembly
Native extension for WindowsStandalone target not found
Refreshing native plugins compatible for Editor in 0.29 ms, found 2 plugins.
Preloading 0 native plugins for Editor in 0.00 ms.
Mono: successfully reloaded assembly
- Completed reload, in  0.841 seconds
Domain Reload Profiling:
	ReloadAssembly (842ms)
		BeginReloadAssembly (96ms)
			ExecutionOrderSort (0ms)
			DisableScriptedObjects (5ms)
			BackupInstance (0ms)
			ReleaseScriptingObjects (0ms)
			CreateAndSetChildDomain (29ms)
		EndReloadAssembly (698ms)
			LoadAssemblies (73ms)
			RebuildTransferFunctionScriptingTraits (0ms)
			SetupTypeCache (262ms)
			ReleaseScriptCaches (1ms)
			RebuildScriptCaches (35ms)
			SetupLoadedEditorAssemblies (246ms)
				LogAssemblyErrors (0ms)
				InitializePlatformSupportModulesInManaged (4ms)
				SetLoadedEditorAssemblies (0ms)
				RefreshPlugins (1ms)
				BeforeProcessingInitializeOnLoad (76ms)
				ProcessInitializeOnLoadAttributes (157ms)
				ProcessInitializeOnLoadMethodAttributes (6ms)
				AfterProcessingInitializeOnLoad (2ms)
				EditorAssembliesLoaded (0ms)
			ExecutionOrderSort2 (0ms)
			AwakeInstancesAfterBackupRestoration (6ms)
Platform modules already initialized, skipping
Refreshing native plugins compatible for Editor in 0.47 ms, found 2 plugins.
Preloading 0 native plugins for Editor in 0.00 ms.
Unloading 1467 Unused Serialized files (Serialized files now loaded: 0)
System memory in use before: 70.5 MB.
System memory in use after: 70.6 MB.

Unloading 11 unused Assets to reduce memory usage. Loaded Objects now: 1950.
Total: 3.688300 ms (FindLiveObjects: 0.186100 ms CreateObjectMapping: 0.050200 ms MarkObjects: 3.426800 ms  DeleteObjects: 0.023700 ms)

AssetImportParameters requested are different than current active one (requested -> active):
  custom:framework-win-MediaFoundation: 216162199b28c13a410421893ffa2e32 -> 
  custom:video-decoder-ogg-theora: a1e56fd34408186e4bbccfd4996cb3dc -> 
  custom:container-muxer-webm: aa71ff27fc2769a1b78a27578f13a17b -> 
  custom:container-demuxer-webm: 4f35f7cbe854078d1ac9338744f61a02 -> 
  custom:container-demuxer-ogg: 62fdf1f143b41e24485cea50d1cbac27 -> 
  custom:video-encoder-webm-vp8: eb34c28f22e8b96e1ab97ce403110664 -> 
  custom:video-decoder-webm-vp8: 9c59270c3fd7afecdb556c50c9e8de78 -> 
  custom:audio-decoder-ogg-vorbis: bf7c407c2cedff20999df2af8eb42d56 -> 
  custom:audio-encoder-webm-vorbis: bf7c407c2cedff20999df2af8eb42d56 -> 
========================================================================
Received Import Request.
  Time since last request: 43.085231 seconds.
  path: Assets/PlayerMovement.cs
  artifactKey: Guid(19ec86bbee1fe974ab4cf2978b6ec04b) Importer(815301076,1909f56bfc062723c751e8b465ee728b)
Start importing Assets/PlayerMovement.cs using Guid(19ec86bbee1fe974ab4cf2978b6ec04b) Importer(815301076,1909f56bfc062723c751e8b465ee728b)  -> (artifact id: '78fc69bb7f194b46c8e893c3ba894171') in 0.004565 seconds 
  Import took 0.009175 seconds .

========================================================================
Received Prepare
Registering precompiled user dll's ...
Registered in 0.002292 seconds.
Begin MonoManager ReloadAssembly
Native extension for WindowsStandalone target not found
Refreshing native plugins compatible for Editor in 0.32 ms, found 2 plugins.
Preloading 0 native plugins for Editor in 0.00 ms.
Mono: successfully reloaded assembly
- Completed reload, in  0.836 seconds
Domain Reload Profiling:
	ReloadAssembly (837ms)
		BeginReloadAssembly (107ms)
			ExecutionOrderSort (0ms)
			DisableScriptedObjects (5ms)
			BackupInstance (0ms)
			ReleaseScriptingObjects (0ms)
			CreateAndSetChildDomain (35ms)
		EndReloadAssembly (677ms)
			LoadAssemblies (90ms)
			RebuildTransferFunctionScriptingTraits (0ms)
			SetupTypeCache (243ms)
			ReleaseScriptCaches (1ms)
			RebuildScriptCaches (40ms)
			SetupLoadedEditorAssemblies (231ms)
				LogAssemblyErrors (0ms)
				InitializePlatformSupportModulesInManaged (4ms)
				SetLoadedEditorAssemblies (0ms)
				RefreshPlugins (1ms)
				BeforeProcessingInitializeOnLoad (59ms)
				ProcessInitializeOnLoadAttributes (159ms)
				ProcessInitializeOnLoadMethodAttributes (5ms)
				AfterProcessingInitializeOnLoad (2ms)
				EditorAssembliesLoaded (0ms)
			ExecutionOrderSort2 (0ms)
			AwakeInstancesAfterBackupRestoration (6ms)
Platform modules already initialized, skipping
Refreshing native plugins compatible for Editor in 0.29 ms, found 2 plugins.
Preloading 0 native plugins for Editor in 0.00 ms.
Unloading 1467 Unused Serialized files (Serialized files now loaded: 0)
System memory in use before: 70.5 MB.
System memory in use after: 70.6 MB.

Unloading 11 unused Assets to reduce memory usage. Loaded Objects now: 1952.
Total: 2.427500 ms (FindLiveObjects: 0.136200 ms CreateObjectMapping: 0.038200 ms MarkObjects: 2.237000 ms  DeleteObjects: 0.014800 ms)

AssetImportParameters requested are different than current active one (requested -> active):
  custom:framework-win-MediaFoundation: 216162199b28c13a410421893ffa2e32 -> 
  custom:video-decoder-ogg-theora: a1e56fd34408186e4bbccfd4996cb3dc -> 
  custom:container-muxer-webm: aa71ff27fc2769a1b78a27578f13a17b -> 
  custom:container-demuxer-webm: 4f35f7cbe854078d1ac9338744f61a02 -> 
  custom:container-demuxer-ogg: 62fdf1f143b41e24485cea50d1cbac27 -> 
  custom:video-encoder-webm-vp8: eb34c28f22e8b96e1ab97ce403110664 -> 
  custom:video-decoder-webm-vp8: 9c59270c3fd7afecdb556c50c9e8de78 -> 
  custom:audio-decoder-ogg-vorbis: bf7c407c2cedff20999df2af8eb42d56 -> 
  custom:audio-encoder-webm-vorbis: bf7c407c2cedff20999df2af8eb42d56 -> 
========================================================================
Received Prepare
Registering precompiled user dll's ...
Registered in 0.004523 seconds.
Begin MonoManager ReloadAssembly
Native extension for WindowsStandalone target not found
Refreshing native plugins compatible for Editor in 0.29 ms, found 2 plugins.
Preloading 0 native plugins for Editor in 0.00 ms.
Mono: successfully reloaded assembly
- Completed reload, in  0.889 seconds
Domain Reload Profiling:
	ReloadAssembly (890ms)
		BeginReloadAssembly (127ms)
			ExecutionOrderSort (0ms)
			DisableScriptedObjects (5ms)
			BackupInstance (0ms)
			ReleaseScriptingObjects (0ms)
			CreateAndSetChildDomain (36ms)
		EndReloadAssembly (709ms)
			LoadAssemblies (83ms)
			RebuildTransferFunctionScriptingTraits (0ms)
			SetupTypeCache (262ms)
			ReleaseScriptCaches (1ms)
			RebuildScriptCaches (36ms)
			SetupLoadedEditorAssemblies (247ms)
				LogAssemblyErrors (0ms)
				InitializePlatformSupportModulesInManaged (4ms)
				SetLoadedEditorAssemblies (0ms)
				RefreshPlugins (1ms)
				BeforeProcessingInitializeOnLoad (71ms)
				ProcessInitializeOnLoadAttributes (163ms)
				ProcessInitializeOnLoadMethodAttributes (6ms)
				AfterProcessingInitializeOnLoad (2ms)
				EditorAssembliesLoaded (0ms)
			ExecutionOrderSort2 (0ms)
			AwakeInstancesAfterBackupRestoration (6ms)
Platform modules already initialized, skipping
Refreshing native plugins compatible for Editor in 0.35 ms, found 2 plugins.
Preloading 0 native plugins for Editor in 0.00 ms.
Unloading 1467 Unused Serialized files (Serialized files now loaded: 0)
System memory in use before: 70.5 MB.
System memory in use after: 70.6 MB.

Unloading 11 unused Assets to reduce memory usage. Loaded Objects now: 1954.
Total: 2.314600 ms (FindLiveObjects: 0.160600 ms CreateObjectMapping: 0.042600 ms MarkObjects: 2.095800 ms  DeleteObjects: 0.014200 ms)

AssetImportParameters requested are different than current active one (requested -> active):
  custom:framework-win-MediaFoundation: 216162199b28c13a410421893ffa2e32 -> 
  custom:video-decoder-ogg-theora: a1e56fd34408186e4bbccfd4996cb3dc -> 
  custom:container-muxer-webm: aa71ff27fc2769a1b78a27578f13a17b -> 
  custom:container-demuxer-webm: 4f35f7cbe854078d1ac9338744f61a02 -> 
  custom:container-demuxer-ogg: 62fdf1f143b41e24485cea50d1cbac27 -> 
  custom:video-encoder-webm-vp8: eb34c28f22e8b96e1ab97ce403110664 -> 
  custom:video-decoder-webm-vp8: 9c59270c3fd7afecdb556c50c9e8de78 -> 
  custom:audio-decoder-ogg-vorbis: bf7c407c2cedff20999df2af8eb42d56 -> 
  custom:audio-encoder-webm-vorbis: bf7c407c2cedff20999df2af8eb42d56 -> 
========================================================================
Received Prepare
Registering precompiled user dll's ...
Registered in 0.002545 seconds.
Begin MonoManager ReloadAssembly
Native extension for WindowsStandalone target not found
Refreshing native plugins compatible for Editor in 0.28 ms, found 2 plugins.
Preloading 0 native plugins for Editor in 0.00 ms.
Mono: successfully reloaded assembly
- Completed reload, in  0.866 seconds
Domain Reload Profiling:
	ReloadAssembly (867ms)
		BeginReloadAssembly (95ms)
			ExecutionOrderSort (0ms)
			DisableScriptedObjects (7ms)
			BackupInstance (0ms)
			ReleaseScriptingObjects (0ms)
			CreateAndSetChildDomain (28ms)
		EndReloadAssembly (720ms)
			LoadAssemblies (71ms)
			RebuildTransferFunctionScriptingTraits (0ms)
			SetupTypeCache (222ms)
			ReleaseScriptCaches (1ms)
			RebuildScriptCaches (49ms)
			SetupLoadedEditorAssemblies (283ms)
				LogAssemblyErrors (0ms)
				InitializePlatformSupportModulesInManaged (4ms)
				SetLoadedEditorAssemblies (0ms)
				RefreshPlugins (1ms)
				BeforeProcessingInitializeOnLoad (77ms)
				ProcessInitializeOnLoadAttributes (190ms)
				ProcessInitializeOnLoadMethodAttributes (9ms)
				AfterProcessingInitializeOnLoad (2ms)
				EditorAssembliesLoaded (0ms)
			ExecutionOrderSort2 (0ms)
			AwakeInstancesAfterBackupRestoration (6ms)
Platform modules already initialized, skipping
Refreshing native plugins compatible for Editor in 0.36 ms, found 2 plugins.
Preloading 0 native plugins for Editor in 0.00 ms.
Unloading 1467 Unused Serialized files (Serialized files now loaded: 0)
System memory in use before: 70.5 MB.
System memory in use after: 70.6 MB.

Unloading 11 unused Assets to reduce memory usage. Loaded Objects now: 1956.
Total: 3.049900 ms (FindLiveObjects: 0.166800 ms CreateObjectMapping: 0.053700 ms MarkObjects: 2.809000 ms  DeleteObjects: 0.019000 ms)

AssetImportParameters requested are different than current active one (requested -> active):
  custom:framework-win-MediaFoundation: 216162199b28c13a410421893ffa2e32 -> 
  custom:video-decoder-ogg-theora: a1e56fd34408186e4bbccfd4996cb3dc -> 
  custom:container-muxer-webm: aa71ff27fc2769a1b78a27578f13a17b -> 
  custom:container-demuxer-webm: 4f35f7cbe854078d1ac9338744f61a02 -> 
  custom:container-demuxer-ogg: 62fdf1f143b41e24485cea50d1cbac27 -> 
  custom:video-encoder-webm-vp8: eb34c28f22e8b96e1ab97ce403110664 -> 
  custom:video-decoder-webm-vp8: 9c59270c3fd7afecdb556c50c9e8de78 -> 
  custom:audio-decoder-ogg-vorbis: bf7c407c2cedff20999df2af8eb42d56 -> 
  custom:audio-encoder-webm-vorbis: bf7c407c2cedff20999df2af8eb42d56 -> 
========================================================================
Received Prepare
Registering precompiled user dll's ...
Registered in 0.063528 seconds.
Begin MonoManager ReloadAssembly
Native extension for WindowsStandalone target not found
Refreshing native plugins compatible for Editor in 0.32 ms, found 2 plugins.
Preloading 0 native plugins for Editor in 0.00 ms.
Mono: successfully reloaded assembly
- Completed reload, in  1.046 seconds
Domain Reload Profiling:
	ReloadAssembly (1047ms)
		BeginReloadAssembly (142ms)
			ExecutionOrderSort (0ms)
			DisableScriptedObjects (5ms)
			BackupInstance (0ms)
			ReleaseScriptingObjects (0ms)
			CreateAndSetChildDomain (35ms)
		EndReloadAssembly (847ms)
			LoadAssemblies (84ms)
			RebuildTransferFunctionScriptingTraits (0ms)
			SetupTypeCache (297ms)
			ReleaseScriptCaches (1ms)
			RebuildScriptCaches (47ms)
			SetupLoadedEditorAssemblies (325ms)
				LogAssemblyErrors (0ms)
				InitializePlatformSupportModulesInManaged (6ms)
				SetLoadedEditorAssemblies (0ms)
				RefreshPlugins (1ms)
				BeforeProcessingInitializeOnLoad (74ms)
				ProcessInitializeOnLoadAttributes (233ms)
				ProcessInitializeOnLoadMethodAttributes (6ms)
				AfterProcessingInitializeOnLoad (3ms)
				EditorAssembliesLoaded (0ms)
			ExecutionOrderSort2 (0ms)
			AwakeInstancesAfterBackupRestoration (9ms)
Platform modules already initialized, skipping
Refreshing native plugins compatible for Editor in 0.33 ms, found 2 plugins.
Preloading 0 native plugins for Editor in 0.00 ms.
Unloading 1467 Unused Serialized files (Serialized files now loaded: 0)
System memory in use before: 70.5 MB.
System memory in use after: 70.6 MB.

Unloading 11 unused Assets to reduce memory usage. Loaded Objects now: 1958.
Total: 2.764600 ms (FindLiveObjects: 0.194200 ms CreateObjectMapping: 0.046800 ms MarkObjects: 2.507000 ms  DeleteObjects: 0.015500 ms)

AssetImportParameters requested are different than current active one (requested -> active):
  custom:framework-win-MediaFoundation: 216162199b28c13a410421893ffa2e32 -> 
  custom:video-decoder-ogg-theora: a1e56fd34408186e4bbccfd4996cb3dc -> 
  custom:container-muxer-webm: aa71ff27fc2769a1b78a27578f13a17b -> 
  custom:container-demuxer-webm: 4f35f7cbe854078d1ac9338744f61a02 -> 
  custom:container-demuxer-ogg: 62fdf1f143b41e24485cea50d1cbac27 -> 
  custom:video-encoder-webm-vp8: eb34c28f22e8b96e1ab97ce403110664 -> 
  custom:video-decoder-webm-vp8: 9c59270c3fd7afecdb556c50c9e8de78 -> 
  custom:audio-decoder-ogg-vorbis: bf7c407c2cedff20999df2af8eb42d56 -> 
  custom:audio-encoder-webm-vorbis: bf7c407c2cedff20999df2af8eb42d56 -> 
========================================================================
Received Prepare
Registering precompiled user dll's ...
Registered in 0.002537 seconds.
Begin MonoManager ReloadAssembly
Native extension for WindowsStandalone target not found
Refreshing native plugins compatible for Editor in 0.33 ms, found 2 plugins.
Preloading 0 native plugins for Editor in 0.00 ms.
Mono: successfully reloaded assembly
- Completed reload, in  0.837 seconds
Domain Reload Profiling:
	ReloadAssembly (837ms)
		BeginReloadAssembly (89ms)
			ExecutionOrderSort (0ms)
			DisableScriptedObjects (5ms)
			BackupInstance (0ms)
			ReleaseScriptingObjects (0ms)
			CreateAndSetChildDomain (27ms)
		EndReloadAssembly (702ms)
			LoadAssemblies (72ms)
			RebuildTransferFunctionScriptingTraits (0ms)
			SetupTypeCache (241ms)
			ReleaseScriptCaches (1ms)
			RebuildScriptCaches (45ms)
			SetupLoadedEditorAssemblies (229ms)
				LogAssemblyErrors (0ms)
				InitializePlatformSupportModulesInManaged (7ms)
				SetLoadedEditorAssemblies (0ms)
				RefreshPlugins (1ms)
				BeforeProcessingInitializeOnLoad (61ms)
				ProcessInitializeOnLoadAttributes (152ms)
				ProcessInitializeOnLoadMethodAttributes (6ms)
				AfterProcessingInitializeOnLoad (2ms)
				EditorAssembliesLoaded (0ms)
			ExecutionOrderSort2 (0ms)
			AwakeInstancesAfterBackupRestoration (6ms)
Platform modules already initialized, skipping
Refreshing native plugins compatible for Editor in 0.52 ms, found 2 plugins.
Preloading 0 native plugins for Editor in 0.00 ms.
Unloading 1467 Unused Serialized files (Serialized files now loaded: 0)
System memory in use before: 70.5 MB.
System memory in use after: 70.6 MB.

Unloading 11 unused Assets to reduce memory usage. Loaded Objects now: 1960.
Total: 2.863000 ms (FindLiveObjects: 0.181000 ms CreateObjectMapping: 0.052600 ms MarkObjects: 2.607100 ms  DeleteObjects: 0.021000 ms)

AssetImportParameters requested are different than current active one (requested -> active):
  custom:framework-win-MediaFoundation: 216162199b28c13a410421893ffa2e32 -> 
  custom:video-decoder-ogg-theora: a1e56fd34408186e4bbccfd4996cb3dc -> 
  custom:container-muxer-webm: aa71ff27fc2769a1b78a27578f13a17b -> 
  custom:container-demuxer-webm: 4f35f7cbe854078d1ac9338744f61a02 -> 
  custom:container-demuxer-ogg: 62fdf1f143b41e24485cea50d1cbac27 -> 
  custom:video-encoder-webm-vp8: eb34c28f22e8b96e1ab97ce403110664 -> 
  custom:video-decoder-webm-vp8: 9c59270c3fd7afecdb556c50c9e8de78 -> 
  custom:audio-decoder-ogg-vorbis: bf7c407c2cedff20999df2af8eb42d56 -> 
  custom:audio-encoder-webm-vorbis: bf7c407c2cedff20999df2af8eb42d56 -> 
========================================================================
Received Prepare
Registering precompiled user dll's ...
Registered in 0.002399 seconds.
Begin MonoManager ReloadAssembly
Native extension for WindowsStandalone target not found
Refreshing native plugins compatible for Editor in 0.29 ms, found 2 plugins.
Preloading 0 native plugins for Editor in 0.00 ms.
Mono: successfully reloaded assembly
- Completed reload, in  0.911 seconds
Domain Reload Profiling:
	ReloadAssembly (912ms)
		BeginReloadAssembly (157ms)
			ExecutionOrderSort (0ms)
			DisableScriptedObjects (5ms)
			BackupInstance (0ms)
			ReleaseScriptingObjects (0ms)
			CreateAndSetChildDomain (50ms)
		EndReloadAssembly (679ms)
			LoadAssemblies (106ms)
			RebuildTransferFunctionScriptingTraits (0ms)
			SetupTypeCache (226ms)
			ReleaseScriptCaches (1ms)
			RebuildScriptCaches (34ms)
			SetupLoadedEditorAssemblies (254ms)
				LogAssemblyErrors (0ms)
				InitializePlatformSupportModulesInManaged (4ms)
				SetLoadedEditorAssemblies (0ms)
				RefreshPlugins (1ms)
				BeforeProcessingInitializeOnLoad (63ms)
				ProcessInitializeOnLoadAttributes (178ms)
				ProcessInitializeOnLoadMethodAttributes (6ms)
				AfterProcessingInitializeOnLoad (2ms)
				EditorAssembliesLoaded (0ms)
			ExecutionOrderSort2 (0ms)
			AwakeInstancesAfterBackupRestoration (6ms)
Platform modules already initialized, skipping
Refreshing native plugins compatible for Editor in 0.42 ms, found 2 plugins.
Preloading 0 native plugins for Editor in 0.00 ms.
Unloading 1467 Unused Serialized files (Serialized files now loaded: 0)
System memory in use before: 70.5 MB.
System memory in use after: 70.6 MB.

Unloading 11 unused Assets to reduce memory usage. Loaded Objects now: 1962.
Total: 2.737700 ms (FindLiveObjects: 0.205000 ms CreateObjectMapping: 0.048700 ms MarkObjects: 2.468400 ms  DeleteObjects: 0.014700 ms)

AssetImportParameters requested are different than current active one (requested -> active):
  custom:framework-win-MediaFoundation: 216162199b28c13a410421893ffa2e32 -> 
  custom:video-decoder-ogg-theora: a1e56fd34408186e4bbccfd4996cb3dc -> 
  custom:container-muxer-webm: aa71ff27fc2769a1b78a27578f13a17b -> 
  custom:container-demuxer-webm: 4f35f7cbe854078d1ac9338744f61a02 -> 
  custom:container-demuxer-ogg: 62fdf1f143b41e24485cea50d1cbac27 -> 
  custom:video-encoder-webm-vp8: eb34c28f22e8b96e1ab97ce403110664 -> 
  custom:video-decoder-webm-vp8: 9c59270c3fd7afecdb556c50c9e8de78 -> 
  custom:audio-decoder-ogg-vorbis: bf7c407c2cedff20999df2af8eb42d56 -> 
  custom:audio-encoder-webm-vorbis: bf7c407c2cedff20999df2af8eb42d56 -> 
========================================================================
Received Prepare
Registering precompiled user dll's ...
Registered in 0.002237 seconds.
Begin MonoManager ReloadAssembly
Native extension for WindowsStandalone target not found
Refreshing native plugins compatible for Editor in 0.36 ms, found 2 plugins.
Preloading 0 native plugins for Editor in 0.00 ms.
Mono: successfully reloaded assembly
- Completed reload, in  0.979 seconds
Domain Reload Profiling:
	ReloadAssembly (980ms)
		BeginReloadAssembly (103ms)
			ExecutionOrderSort (0ms)
			DisableScriptedObjects (5ms)
			BackupInstance (0ms)
			ReleaseScriptingObjects (0ms)
			CreateAndSetChildDomain (28ms)
		EndReloadAssembly (829ms)
			LoadAssemblies (72ms)
			RebuildTransferFunctionScriptingTraits (0ms)
			SetupTypeCache (220ms)
			ReleaseScriptCaches (2ms)
			RebuildScriptCaches (57ms)
			SetupLoadedEditorAssemblies (335ms)
				LogAssemblyErrors (0ms)
				InitializePlatformSupportModulesInManaged (5ms)
				SetLoadedEditorAssemblies (0ms)
				RefreshPlugins (1ms)
				BeforeProcessingInitializeOnLoad (95ms)
				ProcessInitializeOnLoadAttributes (223ms)
				ProcessInitializeOnLoadMethodAttributes (8ms)
				AfterProcessingInitializeOnLoad (3ms)
				EditorAssembliesLoaded (0ms)
			ExecutionOrderSort2 (0ms)
			AwakeInstancesAfterBackupRestoration (8ms)
Platform modules already initialized, skipping
Refreshing native plugins compatible for Editor in 0.57 ms, found 2 plugins.
Preloading 0 native plugins for Editor in 0.00 ms.
Unloading 1467 Unused Serialized files (Serialized files now loaded: 0)
System memory in use before: 70.6 MB.
System memory in use after: 70.7 MB.

Unloading 11 unused Assets to reduce memory usage. Loaded Objects now: 1964.
Total: 3.551300 ms (FindLiveObjects: 0.231700 ms CreateObjectMapping: 0.054800 ms MarkObjects: 3.238000 ms  DeleteObjects: 0.023800 ms)

AssetImportParameters requested are different than current active one (requested -> active):
  custom:framework-win-MediaFoundation: 216162199b28c13a410421893ffa2e32 -> 
  custom:video-decoder-ogg-theora: a1e56fd34408186e4bbccfd4996cb3dc -> 
  custom:container-muxer-webm: aa71ff27fc2769a1b78a27578f13a17b -> 
  custom:container-demuxer-webm: 4f35f7cbe854078d1ac9338744f61a02 -> 
  custom:container-demuxer-ogg: 62fdf1f143b41e24485cea50d1cbac27 -> 
  custom:video-encoder-webm-vp8: eb34c28f22e8b96e1ab97ce403110664 -> 
  custom:video-decoder-webm-vp8: 9c59270c3fd7afecdb556c50c9e8de78 -> 
  custom:audio-decoder-ogg-vorbis: bf7c407c2cedff20999df2af8eb42d56 -> 
  custom:audio-encoder-webm-vorbis: bf7c407c2cedff20999df2af8eb42d56 -> 
========================================================================
Received Prepare
Registering precompiled user dll's ...
Registered in 0.002224 seconds.
Begin MonoManager ReloadAssembly
Native extension for WindowsStandalone target not found
Refreshing native plugins compatible for Editor in 0.37 ms, found 2 plugins.
Preloading 0 native plugins for Editor in 0.00 ms.
Mono: successfully reloaded assembly
- Completed reload, in  0.832 seconds
Domain Reload Profiling:
	ReloadAssembly (833ms)
		BeginReloadAssembly (99ms)
			ExecutionOrderSort (0ms)
			DisableScriptedObjects (5ms)
			BackupInstance (0ms)
			ReleaseScriptingObjects (0ms)
			CreateAndSetChildDomain (26ms)
		EndReloadAssembly (687ms)
			LoadAssemblies (71ms)
			RebuildTransferFunctionScriptingTraits (0ms)
			SetupTypeCache (237ms)
			ReleaseScriptCaches (1ms)
			RebuildScriptCaches (35ms)
			SetupLoadedEditorAssemblies (264ms)
				LogAssemblyErrors (0ms)
				InitializePlatformSupportModulesInManaged (4ms)
				SetLoadedEditorAssemblies (0ms)
				RefreshPlugins (1ms)
				BeforeProcessingInitializeOnLoad (67ms)
				ProcessInitializeOnLoadAttributes (184ms)
				ProcessInitializeOnLoadMethodAttributes (6ms)
				AfterProcessingInitializeOnLoad (2ms)
				EditorAssembliesLoaded (0ms)
			ExecutionOrderSort2 (0ms)
			AwakeInstancesAfterBackupRestoration (6ms)
Platform modules already initialized, skipping
Refreshing native plugins compatible for Editor in 0.33 ms, found 2 plugins.
Preloading 0 native plugins for Editor in 0.00 ms.
Unloading 1467 Unused Serialized files (Serialized files now loaded: 0)
System memory in use before: 70.6 MB.
System memory in use after: 70.7 MB.

Unloading 11 unused Assets to reduce memory usage. Loaded Objects now: 1966.
Total: 3.102200 ms (FindLiveObjects: 0.160400 ms CreateObjectMapping: 0.046500 ms MarkObjects: 2.868200 ms  DeleteObjects: 0.025700 ms)

AssetImportParameters requested are different than current active one (requested -> active):
  custom:framework-win-MediaFoundation: 216162199b28c13a410421893ffa2e32 -> 
  custom:video-decoder-ogg-theora: a1e56fd34408186e4bbccfd4996cb3dc -> 
  custom:container-muxer-webm: aa71ff27fc2769a1b78a27578f13a17b -> 
  custom:container-demuxer-webm: 4f35f7cbe854078d1ac9338744f61a02 -> 
  custom:container-demuxer-ogg: 62fdf1f143b41e24485cea50d1cbac27 -> 
  custom:video-encoder-webm-vp8: eb34c28f22e8b96e1ab97ce403110664 -> 
  custom:video-decoder-webm-vp8: 9c59270c3fd7afecdb556c50c9e8de78 -> 
  custom:audio-decoder-ogg-vorbis: bf7c407c2cedff20999df2af8eb42d56 -> 
  custom:audio-encoder-webm-vorbis: bf7c407c2cedff20999df2af8eb42d56 -> 
========================================================================
Received Prepare
Registering precompiled user dll's ...
Registered in 0.002479 seconds.
Begin MonoManager ReloadAssembly
Native extension for WindowsStandalone target not found
Refreshing native plugins compatible for Editor in 0.30 ms, found 2 plugins.
Preloading 0 native plugins for Editor in 0.00 ms.
Mono: successfully reloaded assembly
- Completed reload, in  0.881 seconds
Domain Reload Profiling:
	ReloadAssembly (882ms)
		BeginReloadAssembly (94ms)
			ExecutionOrderSort (0ms)
			DisableScriptedObjects (6ms)
			BackupInstance (0ms)
			ReleaseScriptingObjects (0ms)
			CreateAndSetChildDomain (25ms)
		EndReloadAssembly (727ms)
			LoadAssemblies (87ms)
			RebuildTransferFunctionScriptingTraits (0ms)
			SetupTypeCache (235ms)
			ReleaseScriptCaches (1ms)
			RebuildScriptCaches (43ms)
			SetupLoadedEditorAssemblies (261ms)
				LogAssemblyErrors (0ms)
				InitializePlatformSupportModulesInManaged (4ms)
				SetLoadedEditorAssemblies (0ms)
				RefreshPlugins (1ms)
				BeforeProcessingInitializeOnLoad (73ms)
				ProcessInitializeOnLoadAttributes (173ms)
				ProcessInitializeOnLoadMethodAttributes (7ms)
				AfterProcessingInitializeOnLoad (2ms)
				EditorAssembliesLoaded (0ms)
			ExecutionOrderSort2 (0ms)
			AwakeInstancesAfterBackupRestoration (6ms)
Platform modules already initialized, skipping
Refreshing native plugins compatible for Editor in 0.43 ms, found 2 plugins.
Preloading 0 native plugins for Editor in 0.00 ms.
Unloading 1467 Unused Serialized files (Serialized files now loaded: 0)
System memory in use before: 70.6 MB.
System memory in use after: 70.7 MB.

Unloading 11 unused Assets to reduce memory usage. Loaded Objects now: 1968.
Total: 2.937800 ms (FindLiveObjects: 0.178700 ms CreateObjectMapping: 0.044400 ms MarkObjects: 2.699900 ms  DeleteObjects: 0.014000 ms)

AssetImportParameters requested are different than current active one (requested -> active):
  custom:framework-win-MediaFoundation: 216162199b28c13a410421893ffa2e32 -> 
  custom:video-decoder-ogg-theora: a1e56fd34408186e4bbccfd4996cb3dc -> 
  custom:container-muxer-webm: aa71ff27fc2769a1b78a27578f13a17b -> 
  custom:container-demuxer-webm: 4f35f7cbe854078d1ac9338744f61a02 -> 
  custom:container-demuxer-ogg: 62fdf1f143b41e24485cea50d1cbac27 -> 
  custom:video-encoder-webm-vp8: eb34c28f22e8b96e1ab97ce403110664 -> 
  custom:video-decoder-webm-vp8: 9c59270c3fd7afecdb556c50c9e8de78 -> 
  custom:audio-decoder-ogg-vorbis: bf7c407c2cedff20999df2af8eb42d56 -> 
  custom:audio-encoder-webm-vorbis: bf7c407c2cedff20999df2af8eb42d56 -> 
